<?xml version="1.0" encoding="UTF-8"?>
<testsuite xmlns:xsi="http://www.w3.org/2001/XMLSchema-instance" xsi:noNamespaceSchemaLocation="https://maven.apache.org/surefire/maven-surefire-plugin/xsd/surefire-test-report-3.0.xsd" version="3.0" name="test.java.com.equipo.healthtrack.UsuarioTest" time="0.168" tests="6" errors="0" skipped="0" failures="3">
  <properties>
[...]
</properties>
  <testcase name="testConstructorYGetters" classname="test.java.com.equipo.healthtrack.UsuarioTest" time="0.036"/>
  <testcase name="testMostrarInformacion" classname="test.java.com.equipo.healthtrack.UsuarioTest" time="0.009">
    <system-out><![CDATA[Usuario: Vicente, Peso Actual: 70.0 kg
]]></system-out>
  </testcase>
  <testcase name="testRendimientoCreacionUsuarios" classname="test.java.com.equipo.healthtrack.UsuarioTest" time="0.071"/>
  <testcase name="testMultipleUsuarios" classname="test.java.com.equipo.healthtrack.UsuarioTest" time="0.009">
    <failure message="expected: &lt;56.0&gt; but was: &lt;54.0&gt;" type="org.opentest4j.AssertionFailedError"><![CDATA[org.opentest4j.AssertionFailedError: expected: <56.0> but was: <54.0>
	at org.junit.jupiter.api.AssertionFailureBuilder.build(AssertionFailureBuilder.java:151)
	at org.junit.jupiter.api.AssertionFailureBuilder.buildAndThrow(AssertionFailureBuilder.java:132)
	at org.junit.jupiter.api.AssertEquals.failNotEqual(AssertEquals.java:197)
	at org.junit.jupiter.api.AssertEquals.assertEquals(AssertEquals.java:70)
	at org.junit.jupiter.api.AssertEquals.assertEquals(AssertEquals.java:65)
	at org.junit.jupiter.api.Assertions.assertEquals(Assertions.java:885)
	at test.java.com.equipo.healthtrack.UsuarioTest.testMultipleUsuarios(UsuarioTest.java:44)
	at java.base/java.lang.reflect.Method.invoke(Method.java:568)
	at java.base/java.util.ArrayList.forEach(ArrayList.java:1511)
	at java.base/java.util.ArrayList.forEach(ArrayList.java:1511)
]]></failure>
  </testcase>
  <testcase name="testActualizarPesoNoDebeDisminuir" classname="test.java.com.equipo.healthtrack.UsuarioTest" time="0.004">
    <failure message="El peso fue disminuido incorrectamente. ==&gt; expected: not equal but was: &lt;69.0&gt;" type="org.opentest4j.AssertionFailedError"><![CDATA[org.opentest4j.AssertionFailedError: El peso fue disminuido incorrectamente. ==> expected: not equal but was: <69.0>
	at org.junit.jupiter.api.AssertionFailureBuilder.build(AssertionFailureBuilder.java:152)
	at org.junit.jupiter.api.AssertionFailureBuilder.buildAndThrow(AssertionFailureBuilder.java:132)
	at org.junit.jupiter.api.AssertNotEquals.failEqual(AssertNotEquals.java:277)
	at org.junit.jupiter.api.AssertNotEquals.assertNotEquals(AssertNotEquals.java:194)
	at org.junit.jupiter.api.Assertions.assertNotEquals(Assertions.java:2522)
	at test.java.com.equipo.healthtrack.UsuarioTest.testActualizarPesoNoDebeDisminuir(UsuarioTest.java:35)
	at java.base/java.lang.reflect.Method.invoke(Method.java:568)
	at java.base/java.util.ArrayList.forEach(ArrayList.java:1511)
	at java.base/java.util.ArrayList.forEach(ArrayList.java:1511)
]]></failure>
  </testcase>
  <testcase name="testActualizarPesoCorrectamente" classname="test.java.com.equipo.healthtrack.UsuarioTest" time="0.002">
    <failure message="expected: &lt;62.0&gt; but was: &lt;59.0&gt;" type="org.opentest4j.AssertionFailedError"><![CDATA[org.opentest4j.AssertionFailedError: expected: <62.0> but was: <59.0>
	at org.junit.jupiter.api.AssertionFailureBuilder.build(AssertionFailureBuilder.java:151)
	at org.junit.jupiter.api.AssertionFailureBuilder.buildAndThrow(AssertionFailureBuilder.java:132)
	at org.junit.jupiter.api.AssertEquals.failNotEqual(AssertEquals.java:197)
	at org.junit.jupiter.api.AssertEquals.assertEquals(AssertEquals.java:70)
	at org.junit.jupiter.api.AssertEquals.assertEquals(AssertEquals.java:65)
	at org.junit.jupiter.api.Assertions.assertEquals(Assertions.java:885)
	at test.java.com.equipo.healthtrack.UsuarioTest.testActualizarPesoCorrectamente(UsuarioTest.java:22)
	at java.base/java.lang.reflect.Method.invoke(Method.java:568)
	at java.base/java.util.ArrayList.forEach(ArrayList.java:1511)
	at java.base/java.util.ArrayList.forEach(ArrayList.java:1511)
]]></failure>
  </testcase>
</testsuite>